<?xml version="1.0" encoding="UTF-8"?>
<!-- Generated by org.testng.reporters.JUnitXMLReporter -->
<testsuite ignored="0" hostname="DESKTOP-F8PE7CG" failures="0" tests="3" name="Test Employee Reports Page" time="51.314" errors="0" timestamp="2020-06-05T19:35:09 EDT">
  <testcase classname="Homework__Test__Cases.EmployeeReportsTest" name="DefiningReport" time="11.152"/>
  <testcase classname="Homework__Test__Cases.EmployeeReportsTest" name="DefiningReport" time="11.015"/>
  <testcase classname="Homework__Test__Cases.EmployeeReportsTest" name="DefiningReport" time="11.968"/>
</testsuite> <!-- Test Employee Reports Page -->
