<?xml version="1.0" encoding="UTF-8"?>
<!-- Generated by org.testng.reporters.JUnitXMLReporter -->
<testsuite ignored="0" hostname="DESKTOP-F8PE7CG" failures="0" tests="4" name="TestAddListener" time="69.263" errors="0" timestamp="2020-05-30T14:11:59 EDT">
  <testcase classname="com.hrms.testcases.AddEmployeeTest" name="addEmployeePage" time="27.645"/>
  <testcase classname="com.hrms.testcases.LoginTest" name="emptyUsernameLogin" time="0.58"/>
  <testcase classname="com.hrms.testcases.LoginTest" name="invalidPasswordLogin" time="1.758"/>
  <testcase classname="com.hrms.testcases.LoginTest" name="validAdminLogin" time="4.155"/>
</testsuite> <!-- TestAddListener -->
