<?xml version="1.0" encoding="UTF-8"?>
<!-- Generated by org.testng.reporters.JUnitXMLReporter -->
<testsuite ignored="2" hostname="DESKTOP-F8PE7CG" failures="0" tests="7" name="TestAddListener" time="76.528" errors="0" timestamp="2020-06-04T02:08:06 EDT">
  <testcase classname="com.hrms.testcases.AddEmployeeTest" name="addEmployee" time="11.966"/>
  <testcase classname="com.hrms.testcases.AddEmployeeTest" name="addEmployee" time="11.504"/>
  <testcase classname="com.hrms.testcases.AddEmployeeTest" name="addEmployee" time="12.181"/>
  <testcase classname="com.hrms.testcases.LoginTest" name="emptyUsernameLogin" time="0.238"/>
  <testcase classname="com.hrms.testcases.LoginTest" name="invalidPasswordLogin" time="1.006"/>
  <testcase classname="com.hrms.testcases.LoginTest" name="timeStamp" time="0.002"/>
  <testcase classname="com.hrms.testcases.LoginTest" name="validAdminLogin" time="2.139"/>
  <testcase classname="com.hrms.testbase.BaseClass" name="@BeforeTest generateReport" time="0.0">
    <ignored/>
  </testcase> <!-- @BeforeTest generateReport -->
  <testcase classname="com.hrms.testbase.BaseClass" name="@AfterTest writeReport" time="0.0">
    <ignored/>
  </testcase> <!-- @AfterTest writeReport -->
</testsuite> <!-- TestAddListener -->
