<?xml version="1.0" encoding="UTF-8"?>
<!-- Generated by org.testng.reporters.JUnitXMLReporter -->
<testsuite ignored="0" hostname="DESKTOP-F8PE7CG" failures="0" tests="3" name="Default test" time="22.504" errors="0" timestamp="2020-05-30T14:10:39 EDT">
  <testcase classname="com.hrms.testcases.LoginTest" name="emptyUsernameLogin" time="0.247"/>
  <testcase classname="com.hrms.testcases.LoginTest" name="invalidPasswordLogin" time="2.446"/>
  <testcase classname="com.hrms.testcases.LoginTest" name="validAdminLogin" time="3.332"/>
</testsuite> <!-- Default test -->
