<?xml version="1.0" encoding="UTF-8"?>
<!-- Generated by org.testng.reporters.JUnitXMLReporter -->
<testsuite ignored="0" hostname="DESKTOP-F8PE7CG" failures="0" tests="3" name="Default test" time="49.298" errors="0" timestamp="2020-06-05T18:35:34 EDT">
  <testcase classname="Homework__Test__Cases.EmployeeReportsTest" name="DefiningReport" time="11.648"/>
  <testcase classname="Homework__Test__Cases.EmployeeReportsTest" name="DefiningReport" time="11.281"/>
  <testcase classname="Homework__Test__Cases.EmployeeReportsTest" name="DefiningReport" time="10.663"/>
</testsuite> <!-- Default test -->
