<?xml version="1.0" encoding="UTF-8"?>
<!-- Generated by org.testng.reporters.JUnitXMLReporter -->
<testsuite ignored="3" hostname="DESKTOP-F8PE7CG" failures="1" tests="1" name="Test Smoke Group" time="8.671" errors="0" timestamp="2020-05-31T15:27:07 EDT">
  <testcase classname="com.hrms.testcases.LoginTest" name="validAdminLogin" time="2.034">
    <failure type="java.lang.AssertionError" message="Admin is NOT Logged in expected [Welcome Admins] but found [Welcome Admin]">
      <![CDATA[java.lang.AssertionError: Admin is NOT Logged in expected [Welcome Admins] but found [Welcome Admin]
at com.hrms.testcases.LoginTest.validAdminLogin(LoginTest.java:42)
at java.base/java.util.ArrayList.forEach(ArrayList.java:1507)
... Removed 31 stack frames]]>
    </failure>
  </testcase> <!-- validAdminLogin -->
  <testcase classname="com.hrms.testcases.LoginTest" name="timeStamp" time="0.0">
    <ignored/>
  </testcase> <!-- timeStamp -->
  <testcase classname="com.hrms.testcases.LoginTest" name="invalidPasswordLogin" time="0.0">
    <ignored/>
  </testcase> <!-- invalidPasswordLogin -->
  <testcase classname="com.hrms.testcases.LoginTest" name="emptyUsernameLogin" time="0.0">
    <ignored/>
  </testcase> <!-- emptyUsernameLogin -->
</testsuite> <!-- Test Smoke Group -->
