<?xml version="1.0" encoding="UTF-8"?>
<!-- Generated by org.testng.reporters.JUnitXMLReporter -->
<testsuite ignored="6" hostname="DESKTOP-F8PE7CG" failures="0" tests="1" name="Test Smoke Group" time="12.717" errors="0" timestamp="2020-06-04T01:53:53 EDT">
  <testcase classname="com.hrms.testcases.LoginTest" name="validAdminLogin" time="2.228"/>
  <testcase classname="com.hrms.testcases.LoginTest" name="timeStamp" time="0.0">
    <ignored/>
  </testcase> <!-- timeStamp -->
  <testcase classname="com.hrms.testbase.BaseClass" name="@BeforeTest generateReport" time="0.0">
    <ignored/>
  </testcase> <!-- @BeforeTest generateReport -->
  <testcase classname="com.hrms.testcases.AddEmployeeTest" name="addEmployee" time="0.0">
    <ignored/>
  </testcase> <!-- addEmployee -->
  <testcase classname="com.hrms.testbase.BaseClass" name="@AfterTest writeReport" time="0.0">
    <ignored/>
  </testcase> <!-- @AfterTest writeReport -->
  <testcase classname="com.hrms.testcases.LoginTest" name="invalidPasswordLogin" time="0.0">
    <ignored/>
  </testcase> <!-- invalidPasswordLogin -->
  <testcase classname="com.hrms.testcases.LoginTest" name="emptyUsernameLogin" time="0.0">
    <ignored/>
  </testcase> <!-- emptyUsernameLogin -->
</testsuite> <!-- Test Smoke Group -->
