<?xml version="1.0" encoding="UTF-8"?>
<!-- Generated by org.testng.reporters.JUnitXMLReporter -->
<testsuite ignored="0" hostname="DESKTOP-F8PE7CG" failures="2" tests="2" name="Test" time="11.055" errors="0" timestamp="2020-06-04T13:36:23 EDT">
  <testcase classname="com.hrms.testcases.PreDefineReports_UserStory__JiraHW" name="addReports" time="0.005">
    <failure type="java.lang.Error" message="Unresolved compilation problems: 
	The method login(String, String) in the type LoginPageElements is not applicable for the arguments ()
	pim cannot be resolved or is not a field
	empList cannot be resolved to a variable
	reports cannot be resolved to a variable
	reports cannot be resolved to a variable
	reports cannot be resolved to a variable
	reports cannot be resolved to a variable
	reports cannot be resolved to a variable
	reports cannot be resolved to a variable
	reports cannot be resolved to a variable
	reports cannot be resolved
">
      <![CDATA[java.lang.Error: Unresolved compilation problems: 
The method login(String, String) in the type LoginPageElements is not applicable for the arguments ()
pim cannot be resolved or is not a field
empList cannot be resolved to a variable
reports cannot be resolved to a variable
reports cannot be resolved to a variable
reports cannot be resolved to a variable
reports cannot be resolved to a variable
reports cannot be resolved to a variable
reports cannot be resolved to a variable
reports cannot be resolved to a variable
reports cannot be resolved

at com.hrms.testcases.PreDefineReports_UserStory__JiraHW.addReports(PreDefineReports_UserStory__JiraHW.java:13)
at java.base/java.util.ArrayList.forEach(ArrayList.java:1507)
... Removed 27 stack frames]]>
    </failure>
  </testcase> <!-- addReports -->
  <testcase classname="com.hrms.testcases.PreDefineReports_UserStory__JiraHW" name="addReports" time="0.001">
    <failure type="java.lang.Error" message="Unresolved compilation problems: 
	The method login(String, String) in the type LoginPageElements is not applicable for the arguments ()
	pim cannot be resolved or is not a field
	empList cannot be resolved to a variable
	reports cannot be resolved to a variable
	reports cannot be resolved to a variable
	reports cannot be resolved to a variable
	reports cannot be resolved to a variable
	reports cannot be resolved to a variable
	reports cannot be resolved to a variable
	reports cannot be resolved to a variable
	reports cannot be resolved
">
      <![CDATA[java.lang.Error: Unresolved compilation problems: 
The method login(String, String) in the type LoginPageElements is not applicable for the arguments ()
pim cannot be resolved or is not a field
empList cannot be resolved to a variable
reports cannot be resolved to a variable
reports cannot be resolved to a variable
reports cannot be resolved to a variable
reports cannot be resolved to a variable
reports cannot be resolved to a variable
reports cannot be resolved to a variable
reports cannot be resolved to a variable
reports cannot be resolved

at com.hrms.testcases.PreDefineReports_UserStory__JiraHW.addReports(PreDefineReports_UserStory__JiraHW.java:13)
at java.base/java.util.ArrayList.forEach(ArrayList.java:1507)
... Removed 27 stack frames]]>
    </failure>
  </testcase> <!-- addReports -->
</testsuite> <!-- Test -->
