<?xml version="1.0" encoding="UTF-8"?>
<testng-results ignored="0" total="3" passed="3" failed="0" skipped="0">
  <reporter-output>
  </reporter-output>
  <suite started-at="2020-06-05T19:34:18 EDT" name="Suite Employee Reports Page" finished-at="2020-06-05T19:35:09 EDT" duration-ms="51314">
    <groups>
    </groups>
    <test started-at="2020-06-05T19:34:18 EDT" name="Test Employee Reports Page" finished-at="2020-06-05T19:35:09 EDT" duration-ms="51314">
      <class name="Homework__Test__Cases.EmployeeReportsTest">
        <test-method is-config="true" signature="generateReport()[pri:0, instance:Homework__Test__Cases.EmployeeReportsTest@96def03]" started-at="2020-06-05T19:34:18 EDT" name="generateReport" finished-at="2020-06-05T19:34:18 EDT" duration-ms="121" status="PASS">
          <reporter-output>
          </reporter-output>
        </test-method> <!-- generateReport -->
        <test-method is-config="true" signature="setUp()[pri:0, instance:Homework__Test__Cases.EmployeeReportsTest@96def03]" started-at="2020-06-05T19:34:18 EDT" name="setUp" finished-at="2020-06-05T19:34:23 EDT" duration-ms="4702" status="PASS">
          <reporter-output>
          </reporter-output>
        </test-method> <!-- setUp -->
        <test-method signature="DefiningReport(java.lang.String, java.lang.String, java.lang.String, java.lang.String, java.lang.String)[pri:0, instance:Homework__Test__Cases.EmployeeReportsTest@96def03]" started-at="2020-06-05T19:34:23 EDT" name="DefiningReport" data-provider="getDataExcel" finished-at="2020-06-05T19:34:34 EDT" duration-ms="11152" status="PASS">
          <params>
            <param index="0">
              <value>
                <![CDATA[EmployeeContact]]>
              </value>
            </param>
            <param index="1">
              <value>
                <![CDATA[Employee Name]]>
              </value>
            </param>
            <param index="2">
              <value>
                <![CDATA[Past Employees Only]]>
              </value>
            </param>
            <param index="3">
              <value>
                <![CDATA[Contact Details]]>
              </value>
            </param>
            <param index="4">
              <value>
                <![CDATA[Address]]>
              </value>
            </param>
          </params>
          <reporter-output>
          </reporter-output>
        </test-method> <!-- DefiningReport -->
        <test-method is-config="true" signature="tearDown()[pri:0, instance:Homework__Test__Cases.EmployeeReportsTest@96def03]" started-at="2020-06-05T19:34:35 EDT" name="tearDown" finished-at="2020-06-05T19:34:35 EDT" duration-ms="622" status="PASS">
          <reporter-output>
          </reporter-output>
        </test-method> <!-- tearDown -->
        <test-method is-config="true" signature="setUp()[pri:0, instance:Homework__Test__Cases.EmployeeReportsTest@96def03]" started-at="2020-06-05T19:34:35 EDT" name="setUp" finished-at="2020-06-05T19:34:39 EDT" duration-ms="4043" status="PASS">
          <reporter-output>
          </reporter-output>
        </test-method> <!-- setUp -->
        <test-method signature="DefiningReport(java.lang.String, java.lang.String, java.lang.String, java.lang.String, java.lang.String)[pri:0, instance:Homework__Test__Cases.EmployeeReportsTest@96def03]" started-at="2020-06-05T19:34:39 EDT" name="DefiningReport" data-provider="getDataExcel" finished-at="2020-06-05T19:34:50 EDT" duration-ms="11015" status="PASS">
          <params>
            <param index="0">
              <value>
                <![CDATA[Salary]]>
              </value>
            </param>
            <param index="1">
              <value>
                <![CDATA[Pay Grade]]>
              </value>
            </param>
            <param index="2">
              <value>
                <![CDATA[Past Employees Only]]>
              </value>
            </param>
            <param index="3">
              <value>
                <![CDATA[Salary]]>
              </value>
            </param>
            <param index="4">
              <value>
                <![CDATA[Pay Grade]]>
              </value>
            </param>
          </params>
          <reporter-output>
          </reporter-output>
        </test-method> <!-- DefiningReport -->
        <test-method is-config="true" signature="tearDown()[pri:0, instance:Homework__Test__Cases.EmployeeReportsTest@96def03]" started-at="2020-06-05T19:34:51 EDT" name="tearDown" finished-at="2020-06-05T19:34:51 EDT" duration-ms="616" status="PASS">
          <reporter-output>
          </reporter-output>
        </test-method> <!-- tearDown -->
        <test-method is-config="true" signature="setUp()[pri:0, instance:Homework__Test__Cases.EmployeeReportsTest@96def03]" started-at="2020-06-05T19:34:51 EDT" name="setUp" finished-at="2020-06-05T19:34:55 EDT" duration-ms="4009" status="PASS">
          <reporter-output>
          </reporter-output>
        </test-method> <!-- setUp -->
        <test-method signature="DefiningReport(java.lang.String, java.lang.String, java.lang.String, java.lang.String, java.lang.String)[pri:0, instance:Homework__Test__Cases.EmployeeReportsTest@96def03]" started-at="2020-06-05T19:34:55 EDT" name="DefiningReport" data-provider="getDataExcel" finished-at="2020-06-05T19:35:07 EDT" duration-ms="11968" status="PASS">
          <params>
            <param index="0">
              <value>
                <![CDATA[Education Credentials]]>
              </value>
            </param>
            <param index="1">
              <value>
                <![CDATA[Education]]>
              </value>
            </param>
            <param index="2">
              <value>
                <![CDATA[Current Employees Only]]>
              </value>
            </param>
            <param index="3">
              <value>
                <![CDATA[Education Credentials]]>
              </value>
            </param>
            <param index="4">
              <value>
                <![CDATA[Level]]>
              </value>
            </param>
          </params>
          <reporter-output>
          </reporter-output>
        </test-method> <!-- DefiningReport -->
        <test-method is-config="true" signature="tearDown()[pri:0, instance:Homework__Test__Cases.EmployeeReportsTest@96def03]" started-at="2020-06-05T19:35:08 EDT" name="tearDown" finished-at="2020-06-05T19:35:09 EDT" duration-ms="611" status="PASS">
          <reporter-output>
          </reporter-output>
        </test-method> <!-- tearDown -->
        <test-method is-config="true" signature="writeReport()[pri:0, instance:Homework__Test__Cases.EmployeeReportsTest@96def03]" started-at="2020-06-05T19:35:09 EDT" name="writeReport" finished-at="2020-06-05T19:35:09 EDT" duration-ms="226" status="PASS">
          <reporter-output>
          </reporter-output>
        </test-method> <!-- writeReport -->
      </class> <!-- Homework__Test__Cases.EmployeeReportsTest -->
    </test> <!-- Test Employee Reports Page -->
  </suite> <!-- Suite Employee Reports Page -->
</testng-results>
